13:19:30 **** Incremental Build of configuration Debug for project Blinky ****
make -j12 all 
'Building file: ../synergy/ssp/src/driver/r_ioport/r_ioport.c'
'Building file: ../synergy/ssp/src/driver/r_elc/r_elc.c'
'Invoking: GNU Arm Cross C Compiler'
arm-none-eabi-gcc -mcpu=cortex-m4 -mthumb -mfloat-abi=hard -mfpu=fpv4-sp-d16 -O2 -fmessage-length=0 -fsigned-char -ffunction-sections -fdata-sections -Wunused -Wuninitialized -Wall -Wextra -Wmissing-declarations -Wconversion -Wpointer-arith -Wshadow -Wlogical-op -Waggregate-return -Wfloat-equal  -g -D_RENESAS_SYNERGY_ -I"C:\Users\PICHAU\e2_studio\workspace\Blinky\synergy_cfg\ssp_cfg\bsp" -I"C:\Users\PICHAU\e2_studio\workspace\Blinky\synergy_cfg\ssp_cfg\driver" -I"C:\Users\PICHAU\e2_studio\workspace\Blinky\synergy\ssp\inc" -I"C:\Users\PICHAU\e2_studio\workspace\Blinky\synergy\ssp\inc\bsp" -I"C:\Users\PICHAU\e2_studio\workspace\Blinky\synergy\ssp\inc\bsp\cmsis\Include" -I"C:\Users\PICHAU\e2_studio\workspace\Blinky\synergy\ssp\inc\driver\api" -I"C:\Users\PICHAU\e2_studio\workspace\Blinky\synergy\ssp\inc\driver\instances" -I"C:\Users\PICHAU\e2_studio\workspace\Blinky\src" -I"C:\Users\PICHAU\e2_studio\workspace\Blinky\src\synergy_gen" -std=c99 -MMD -MP -MF"synergy/ssp/src/driver/r_ioport/r_ioport.d" -MT"synergy/ssp/src/driver/r_ioport/r_ioport.o" -c -o "synergy/ssp/src/driver/r_ioport/r_ioport.o" -x c "../synergy/ssp/src/driver/r_ioport/r_ioport.c"
'Invoking: GNU Arm Cross C Compiler'
arm-none-eabi-gcc -mcpu=cortex-m4 -mthumb -mfloat-abi=hard -mfpu=fpv4-sp-d16 -O2 -fmessage-length=0 -fsigned-char -ffunction-sections -fdata-sections -Wunused -Wuninitialized -Wall -Wextra -Wmissing-declarations -Wconversion -Wpointer-arith -Wshadow -Wlogical-op -Waggregate-return -Wfloat-equal  -g -D_RENESAS_SYNERGY_ -I"C:\Users\PICHAU\e2_studio\workspace\Blinky\synergy_cfg\ssp_cfg\bsp" -I"C:\Users\PICHAU\e2_studio\workspace\Blinky\synergy_cfg\ssp_cfg\driver" -I"C:\Users\PICHAU\e2_studio\workspace\Blinky\synergy\ssp\inc" -I"C:\Users\PICHAU\e2_studio\workspace\Blinky\synergy\ssp\inc\bsp" -I"C:\Users\PICHAU\e2_studio\workspace\Blinky\synergy\ssp\inc\bsp\cmsis\Include" -I"C:\Users\PICHAU\e2_studio\workspace\Blinky\synergy\ssp\inc\driver\api" -I"C:\Users\PICHAU\e2_studio\workspace\Blinky\synergy\ssp\inc\driver\instances" -I"C:\Users\PICHAU\e2_studio\workspace\Blinky\src" -I"C:\Users\PICHAU\e2_studio\workspace\Blinky\src\synergy_gen" -std=c99 -MMD -MP -MF"synergy/ssp/src/driver/r_elc/r_elc.d" -MT"synergy/ssp/src/driver/r_elc/r_elc.o" -c -o "synergy/ssp/src/driver/r_elc/r_elc.o" -x c "../synergy/ssp/src/driver/r_elc/r_elc.c"
'Building file: ../synergy/ssp/src/driver/r_cgc/r_cgc.c'
'Building file: ../synergy/ssp/src/bsp/mcu/s7g2/bsp_cache.c'
'Invoking: GNU Arm Cross C Compiler'
arm-none-eabi-gcc -mcpu=cortex-m4 -mthumb -mfloat-abi=hard -mfpu=fpv4-sp-d16 -O2 -fmessage-length=0 -fsigned-char -ffunction-sections -fdata-sections -Wunused -Wuninitialized -Wall -Wextra -Wmissing-declarations -Wconversion -Wpointer-arith -Wshadow -Wlogical-op -Waggregate-return -Wfloat-equal  -g -D_RENESAS_SYNERGY_ -I"C:\Users\PICHAU\e2_studio\workspace\Blinky\synergy_cfg\ssp_cfg\bsp" -I"C:\Users\PICHAU\e2_studio\workspace\Blinky\synergy_cfg\ssp_cfg\driver" -I"C:\Users\PICHAU\e2_studio\workspace\Blinky\synergy\ssp\inc" -I"C:\Users\PICHAU\e2_studio\workspace\Blinky\synergy\ssp\inc\bsp" -I"C:\Users\PICHAU\e2_studio\workspace\Blinky\synergy\ssp\inc\bsp\cmsis\Include" -I"C:\Users\PICHAU\e2_studio\workspace\Blinky\synergy\ssp\inc\driver\api" -I"C:\Users\PICHAU\e2_studio\workspace\Blinky\synergy\ssp\inc\driver\instances" -I"C:\Users\PICHAU\e2_studio\workspace\Blinky\src" -I"C:\Users\PICHAU\e2_studio\workspace\Blinky\src\synergy_gen" -std=c99 -MMD -MP -MF"synergy/ssp/src/driver/r_cgc/r_cgc.d" -MT"synergy/ssp/src/driver/r_cgc/r_cgc.o" -c -o "synergy/ssp/src/driver/r_cgc/r_cgc.o" -x c "../synergy/ssp/src/driver/r_cgc/r_cgc.c"
'Invoking: GNU Arm Cross C Compiler'
arm-none-eabi-gcc -mcpu=cortex-m4 -mthumb -mfloat-abi=hard -mfpu=fpv4-sp-d16 -O2 -fmessage-length=0 -fsigned-char -ffunction-sections -fdata-sections -Wunused -Wuninitialized -Wall -Wextra -Wmissing-declarations -Wconversion -Wpointer-arith -Wshadow -Wlogical-op -Waggregate-return -Wfloat-equal  -g -D_RENESAS_SYNERGY_ -I"C:\Users\PICHAU\e2_studio\workspace\Blinky\synergy_cfg\ssp_cfg\bsp" -I"C:\Users\PICHAU\e2_studio\workspace\Blinky\synergy_cfg\ssp_cfg\driver" -I"C:\Users\PICHAU\e2_studio\workspace\Blinky\synergy\ssp\inc" -I"C:\Users\PICHAU\e2_studio\workspace\Blinky\synergy\ssp\inc\bsp" -I"C:\Users\PICHAU\e2_studio\workspace\Blinky\synergy\ssp\inc\bsp\cmsis\Include" -I"C:\Users\PICHAU\e2_studio\workspace\Blinky\synergy\ssp\inc\driver\api" -I"C:\Users\PICHAU\e2_studio\workspace\Blinky\synergy\ssp\inc\driver\instances" -I"C:\Users\PICHAU\e2_studio\workspace\Blinky\src" -I"C:\Users\PICHAU\e2_studio\workspace\Blinky\src\synergy_gen" -std=c99 -MMD -MP -MF"synergy/ssp/src/bsp/mcu/s7g2/bsp_cache.d" -MT"synergy/ssp/src/bsp/mcu/s7g2/bsp_cache.o" -c -o "synergy/ssp/src/bsp/mcu/s7g2/bsp_cache.o" -x c "../synergy/ssp/src/bsp/mcu/s7g2/bsp_cache.c"
'Building file: ../synergy/ssp/src/bsp/mcu/s7g2/bsp_clocks.c'
'Building file: ../synergy/ssp/src/bsp/mcu/s7g2/bsp_feature.c'
'Invoking: GNU Arm Cross C Compiler'
arm-none-eabi-gcc -mcpu=cortex-m4 -mthumb -mfloat-abi=hard -mfpu=fpv4-sp-d16 -O2 -fmessage-length=0 -fsigned-char -ffunction-sections -fdata-sections -Wunused -Wuninitialized -Wall -Wextra -Wmissing-declarations -Wconversion -Wpointer-arith -Wshadow -Wlogical-op -Waggregate-return -Wfloat-equal  -g -D_RENESAS_SYNERGY_ -I"C:\Users\PICHAU\e2_studio\workspace\Blinky\synergy_cfg\ssp_cfg\bsp" -I"C:\Users\PICHAU\e2_studio\workspace\Blinky\synergy_cfg\ssp_cfg\driver" -I"C:\Users\PICHAU\e2_studio\workspace\Blinky\synergy\ssp\inc" -I"C:\Users\PICHAU\e2_studio\workspace\Blinky\synergy\ssp\inc\bsp" -I"C:\Users\PICHAU\e2_studio\workspace\Blinky\synergy\ssp\inc\bsp\cmsis\Include" -I"C:\Users\PICHAU\e2_studio\workspace\Blinky\synergy\ssp\inc\driver\api" -I"C:\Users\PICHAU\e2_studio\workspace\Blinky\synergy\ssp\inc\driver\instances" -I"C:\Users\PICHAU\e2_studio\workspace\Blinky\src" -I"C:\Users\PICHAU\e2_studio\workspace\Blinky\src\synergy_gen" -std=c99 -MMD -MP -MF"synergy/ssp/src/bsp/mcu/s7g2/bsp_clocks.d" -MT"synergy/ssp/src/bsp/mcu/s7g2/bsp_clocks.o" -c -o "synergy/ssp/src/bsp/mcu/s7g2/bsp_clocks.o" -x c "../synergy/ssp/src/bsp/mcu/s7g2/bsp_clocks.c"
'Building file: ../synergy/ssp/src/bsp/mcu/s7g2/bsp_group_irq.c'
'Invoking: GNU Arm Cross C Compiler'
arm-none-eabi-gcc -mcpu=cortex-m4 -mthumb -mfloat-abi=hard -mfpu=fpv4-sp-d16 -O2 -fmessage-length=0 -fsigned-char -ffunction-sections -fdata-sections -Wunused -Wuninitialized -Wall -Wextra -Wmissing-declarations -Wconversion -Wpointer-arith -Wshadow -Wlogical-op -Waggregate-return -Wfloat-equal  -g -D_RENESAS_SYNERGY_ -I"C:\Users\PICHAU\e2_studio\workspace\Blinky\synergy_cfg\ssp_cfg\bsp" -I"C:\Users\PICHAU\e2_studio\workspace\Blinky\synergy_cfg\ssp_cfg\driver" -I"C:\Users\PICHAU\e2_studio\workspace\Blinky\synergy\ssp\inc" -I"C:\Users\PICHAU\e2_studio\workspace\Blinky\synergy\ssp\inc\bsp" -I"C:\Users\PICHAU\e2_studio\workspace\Blinky\synergy\ssp\inc\bsp\cmsis\Include" -I"C:\Users\PICHAU\e2_studio\workspace\Blinky\synergy\ssp\inc\driver\api" -I"C:\Users\PICHAU\e2_studio\workspace\Blinky\synergy\ssp\inc\driver\instances" -I"C:\Users\PICHAU\e2_studio\workspace\Blinky\src" -I"C:\Users\PICHAU\e2_studio\workspace\Blinky\src\synergy_gen" -std=c99 -MMD -MP -MF"synergy/ssp/src/bsp/mcu/s7g2/bsp_feature.d" -MT"synergy/ssp/src/bsp/mcu/s7g2/bsp_feature.o" -c -o "synergy/ssp/src/bsp/mcu/s7g2/bsp_feature.o" -x c "../synergy/ssp/src/bsp/mcu/s7g2/bsp_feature.c"
'Invoking: GNU Arm Cross C Compiler'
'Building file: ../synergy/ssp/src/bsp/mcu/s7g2/bsp_hw_locks.c'
arm-none-eabi-gcc -mcpu=cortex-m4 -mthumb -mfloat-abi=hard -mfpu=fpv4-sp-d16 -O2 -fmessage-length=0 -fsigned-char -ffunction-sections -fdata-sections -Wunused -Wuninitialized -Wall -Wextra -Wmissing-declarations -Wconversion -Wpointer-arith -Wshadow -Wlogical-op -Waggregate-return -Wfloat-equal  -g -D_RENESAS_SYNERGY_ -I"C:\Users\PICHAU\e2_studio\workspace\Blinky\synergy_cfg\ssp_cfg\bsp" -I"C:\Users\PICHAU\e2_studio\workspace\Blinky\synergy_cfg\ssp_cfg\driver" -I"C:\Users\PICHAU\e2_studio\workspace\Blinky\synergy\ssp\inc" -I"C:\Users\PICHAU\e2_studio\workspace\Blinky\synergy\ssp\inc\bsp" -I"C:\Users\PICHAU\e2_studio\workspace\Blinky\synergy\ssp\inc\bsp\cmsis\Include" -I"C:\Users\PICHAU\e2_studio\workspace\Blinky\synergy\ssp\inc\driver\api" -I"C:\Users\PICHAU\e2_studio\workspace\Blinky\synergy\ssp\inc\driver\instances" -I"C:\Users\PICHAU\e2_studio\workspace\Blinky\src" -I"C:\Users\PICHAU\e2_studio\workspace\Blinky\src\synergy_gen" -std=c99 -MMD -MP -MF"synergy/ssp/src/bsp/mcu/s7g2/bsp_group_irq.d" -MT"synergy/ssp/src/bsp/mcu/s7g2/bsp_group_irq.o" -c -o "synergy/ssp/src/bsp/mcu/s7g2/bsp_group_irq.o" -x c "../synergy/ssp/src/bsp/mcu/s7g2/bsp_group_irq.c"
'Building file: ../synergy/ssp/src/bsp/mcu/s7g2/bsp_module_stop.c'
'Invoking: GNU Arm Cross C Compiler'
arm-none-eabi-gcc -mcpu=cortex-m4 -mthumb -mfloat-abi=hard -mfpu=fpv4-sp-d16 -O2 -fmessage-length=0 -fsigned-char -ffunction-sections -fdata-sections -Wunused -Wuninitialized -Wall -Wextra -Wmissing-declarations -Wconversion -Wpointer-arith -Wshadow -Wlogical-op -Waggregate-return -Wfloat-equal  -g -D_RENESAS_SYNERGY_ -I"C:\Users\PICHAU\e2_studio\workspace\Blinky\synergy_cfg\ssp_cfg\bsp" -I"C:\Users\PICHAU\e2_studio\workspace\Blinky\synergy_cfg\ssp_cfg\driver" -I"C:\Users\PICHAU\e2_studio\workspace\Blinky\synergy\ssp\inc" -I"C:\Users\PICHAU\e2_studio\workspace\Blinky\synergy\ssp\inc\bsp" -I"C:\Users\PICHAU\e2_studio\workspace\Blinky\synergy\ssp\inc\bsp\cmsis\Include" -I"C:\Users\PICHAU\e2_studio\workspace\Blinky\synergy\ssp\inc\driver\api" -I"C:\Users\PICHAU\e2_studio\workspace\Blinky\synergy\ssp\inc\driver\instances" -I"C:\Users\PICHAU\e2_studio\workspace\Blinky\src" -I"C:\Users\PICHAU\e2_studio\workspace\Blinky\src\synergy_gen" -std=c99 -MMD -MP -MF"synergy/ssp/src/bsp/mcu/s7g2/bsp_hw_locks.d" -MT"synergy/ssp/src/bsp/mcu/s7g2/bsp_hw_locks.o" -c -o "synergy/ssp/src/bsp/mcu/s7g2/bsp_hw_locks.o" -x c "../synergy/ssp/src/bsp/mcu/s7g2/bsp_hw_locks.c"
'Invoking: GNU Arm Cross C Compiler'
'Building file: ../synergy/ssp/src/bsp/mcu/s7g2/bsp_rom_registers.c'
arm-none-eabi-gcc -mcpu=cortex-m4 -mthumb -mfloat-abi=hard -mfpu=fpv4-sp-d16 -O2 -fmessage-length=0 -fsigned-char -ffunction-sections -fdata-sections -Wunused -Wuninitialized -Wall -Wextra -Wmissing-declarations -Wconversion -Wpointer-arith -Wshadow -Wlogical-op -Waggregate-return -Wfloat-equal  -g -D_RENESAS_SYNERGY_ -I"C:\Users\PICHAU\e2_studio\workspace\Blinky\synergy_cfg\ssp_cfg\bsp" -I"C:\Users\PICHAU\e2_studio\workspace\Blinky\synergy_cfg\ssp_cfg\driver" -I"C:\Users\PICHAU\e2_studio\workspace\Blinky\synergy\ssp\inc" -I"C:\Users\PICHAU\e2_studio\workspace\Blinky\synergy\ssp\inc\bsp" -I"C:\Users\PICHAU\e2_studio\workspace\Blinky\synergy\ssp\inc\bsp\cmsis\Include" -I"C:\Users\PICHAU\e2_studio\workspace\Blinky\synergy\ssp\inc\driver\api" -I"C:\Users\PICHAU\e2_studio\workspace\Blinky\synergy\ssp\inc\driver\instances" -I"C:\Users\PICHAU\e2_studio\workspace\Blinky\src" -I"C:\Users\PICHAU\e2_studio\workspace\Blinky\src\synergy_gen" -std=c99 -MMD -MP -MF"synergy/ssp/src/bsp/mcu/s7g2/bsp_module_stop.d" -MT"synergy/ssp/src/bsp/mcu/s7g2/bsp_module_stop.o" -c -o "synergy/ssp/src/bsp/mcu/s7g2/bsp_module_stop.o" -x c "../synergy/ssp/src/bsp/mcu/s7g2/bsp_module_stop.c"
'Building file: ../synergy/ssp/src/bsp/mcu/all/bsp_common.c'
'Invoking: GNU Arm Cross C Compiler'
'Building file: ../synergy/ssp/src/bsp/mcu/all/bsp_common_leds.c'
arm-none-eabi-gcc -mcpu=cortex-m4 -mthumb -mfloat-abi=hard -mfpu=fpv4-sp-d16 -O2 -fmessage-length=0 -fsigned-char -ffunction-sections -fdata-sections -Wunused -Wuninitialized -Wall -Wextra -Wmissing-declarations -Wconversion -Wpointer-arith -Wshadow -Wlogical-op -Waggregate-return -Wfloat-equal  -g -D_RENESAS_SYNERGY_ -I"C:\Users\PICHAU\e2_studio\workspace\Blinky\synergy_cfg\ssp_cfg\bsp" -I"C:\Users\PICHAU\e2_studio\workspace\Blinky\synergy_cfg\ssp_cfg\driver" -I"C:\Users\PICHAU\e2_studio\workspace\Blinky\synergy\ssp\inc" -I"C:\Users\PICHAU\e2_studio\workspace\Blinky\synergy\ssp\inc\bsp" -I"C:\Users\PICHAU\e2_studio\workspace\Blinky\synergy\ssp\inc\bsp\cmsis\Include" -I"C:\Users\PICHAU\e2_studio\workspace\Blinky\synergy\ssp\inc\driver\api" -I"C:\Users\PICHAU\e2_studio\workspace\Blinky\synergy\ssp\inc\driver\instances" -I"C:\Users\PICHAU\e2_studio\workspace\Blinky\src" -I"C:\Users\PICHAU\e2_studio\workspace\Blinky\src\synergy_gen" -std=c99 -MMD -MP -MF"synergy/ssp/src/bsp/mcu/s7g2/bsp_rom_registers.d" -MT"synergy/ssp/src/bsp/mcu/s7g2/bsp_rom_registers.o" -c -o "synergy/ssp/src/bsp/mcu/s7g2/bsp_rom_registers.o" -x c "../synergy/ssp/src/bsp/mcu/s7g2/bsp_rom_registers.c"
'Invoking: GNU Arm Cross C Compiler'
'Invoking: GNU Arm Cross C Compiler'
arm-none-eabi-gcc -mcpu=cortex-m4 -mthumb -mfloat-abi=hard -mfpu=fpv4-sp-d16 -O2 -fmessage-length=0 -fsigned-char -ffunction-sections -fdata-sections -Wunused -Wuninitialized -Wall -Wextra -Wmissing-declarations -Wconversion -Wpointer-arith -Wshadow -Wlogical-op -Waggregate-return -Wfloat-equal  -g -D_RENESAS_SYNERGY_ -I"C:\Users\PICHAU\e2_studio\workspace\Blinky\synergy_cfg\ssp_cfg\bsp" -I"C:\Users\PICHAU\e2_studio\workspace\Blinky\synergy_cfg\ssp_cfg\driver" -I"C:\Users\PICHAU\e2_studio\workspace\Blinky\synergy\ssp\inc" -I"C:\Users\PICHAU\e2_studio\workspace\Blinky\synergy\ssp\inc\bsp" -I"C:\Users\PICHAU\e2_studio\workspace\Blinky\synergy\ssp\inc\bsp\cmsis\Include" -I"C:\Users\PICHAU\e2_studio\workspace\Blinky\synergy\ssp\inc\driver\api" -I"C:\Users\PICHAU\e2_studio\workspace\Blinky\synergy\ssp\inc\driver\instances" -I"C:\Users\PICHAU\e2_studio\workspace\Blinky\src" -I"C:\Users\PICHAU\e2_studio\workspace\Blinky\src\synergy_gen" -std=c99 -MMD -MP -MF"synergy/ssp/src/bsp/mcu/all/bsp_common.d" -MT"synergy/ssp/src/bsp/mcu/all/bsp_common.o" -c -o "synergy/ssp/src/bsp/mcu/all/bsp_common.o" -x c "../synergy/ssp/src/bsp/mcu/all/bsp_common.c"
arm-none-eabi-gcc -mcpu=cortex-m4 -mthumb -mfloat-abi=hard -mfpu=fpv4-sp-d16 -O2 -fmessage-length=0 -fsigned-char -ffunction-sections -fdata-sections -Wunused -Wuninitialized -Wall -Wextra -Wmissing-declarations -Wconversion -Wpointer-arith -Wshadow -Wlogical-op -Waggregate-return -Wfloat-equal  -g -D_RENESAS_SYNERGY_ -I"C:\Users\PICHAU\e2_studio\workspace\Blinky\synergy_cfg\ssp_cfg\bsp" -I"C:\Users\PICHAU\e2_studio\workspace\Blinky\synergy_cfg\ssp_cfg\driver" -I"C:\Users\PICHAU\e2_studio\workspace\Blinky\synergy\ssp\inc" -I"C:\Users\PICHAU\e2_studio\workspace\Blinky\synergy\ssp\inc\bsp" -I"C:\Users\PICHAU\e2_studio\workspace\Blinky\synergy\ssp\inc\bsp\cmsis\Include" -I"C:\Users\PICHAU\e2_studio\workspace\Blinky\synergy\ssp\inc\driver\api" -I"C:\Users\PICHAU\e2_studio\workspace\Blinky\synergy\ssp\inc\driver\instances" -I"C:\Users\PICHAU\e2_studio\workspace\Blinky\src" -I"C:\Users\PICHAU\e2_studio\workspace\Blinky\src\synergy_gen" -std=c99 -MMD -MP -MF"synergy/ssp/src/bsp/mcu/all/bsp_common_leds.d" -MT"synergy/ssp/src/bsp/mcu/all/bsp_common_leds.o" -c -o "synergy/ssp/src/bsp/mcu/all/bsp_common_leds.o" -x c "../synergy/ssp/src/bsp/mcu/all/bsp_common_leds.c"
'Finished building: ../synergy/ssp/src/driver/r_elc/r_elc.c'
'Finished building: ../synergy/ssp/src/bsp/mcu/s7g2/bsp_cache.c'
' '
' '
'Building file: ../synergy/ssp/src/bsp/mcu/all/bsp_delay.c'
'Building file: ../synergy/ssp/src/bsp/mcu/all/bsp_irq.c'
'Invoking: GNU Arm Cross C Compiler'
arm-none-eabi-gcc -mcpu=cortex-m4 -mthumb -mfloat-abi=hard -mfpu=fpv4-sp-d16 -O2 -fmessage-length=0 -fsigned-char -ffunction-sections -fdata-sections -Wunused -Wuninitialized -Wall -Wextra -Wmissing-declarations -Wconversion -Wpointer-arith -Wshadow -Wlogical-op -Waggregate-return -Wfloat-equal  -g -D_RENESAS_SYNERGY_ -I"C:\Users\PICHAU\e2_studio\workspace\Blinky\synergy_cfg\ssp_cfg\bsp" -I"C:\Users\PICHAU\e2_studio\workspace\Blinky\synergy_cfg\ssp_cfg\driver" -I"C:\Users\PICHAU\e2_studio\workspace\Blinky\synergy\ssp\inc" -I"C:\Users\PICHAU\e2_studio\workspace\Blinky\synergy\ssp\inc\bsp" -I"C:\Users\PICHAU\e2_studio\workspace\Blinky\synergy\ssp\inc\bsp\cmsis\Include" -I"C:\Users\PICHAU\e2_studio\workspace\Blinky\synergy\ssp\inc\driver\api" -I"C:\Users\PICHAU\e2_studio\workspace\Blinky\synergy\ssp\inc\driver\instances" -I"C:\Users\PICHAU\e2_studio\workspace\Blinky\src" -I"C:\Users\PICHAU\e2_studio\workspace\Blinky\src\synergy_gen" -std=c99 -MMD -MP -MF"synergy/ssp/src/bsp/mcu/all/bsp_delay.d" -MT"synergy/ssp/src/bsp/mcu/all/bsp_delay.o" -c -o "synergy/ssp/src/bsp/mcu/all/bsp_delay.o" -x c "../synergy/ssp/src/bsp/mcu/all/bsp_delay.c"
'Invoking: GNU Arm Cross C Compiler'
'Finished building: ../synergy/ssp/src/bsp/mcu/s7g2/bsp_clocks.c'
'Finished building: ../synergy/ssp/src/bsp/mcu/s7g2/bsp_feature.c'
arm-none-eabi-gcc -mcpu=cortex-m4 -mthumb -mfloat-abi=hard -mfpu=fpv4-sp-d16 -O2 -fmessage-length=0 -fsigned-char -ffunction-sections -fdata-sections -Wunused -Wuninitialized -Wall -Wextra -Wmissing-declarations -Wconversion -Wpointer-arith -Wshadow -Wlogical-op -Waggregate-return -Wfloat-equal  -g -D_RENESAS_SYNERGY_ -I"C:\Users\PICHAU\e2_studio\workspace\Blinky\synergy_cfg\ssp_cfg\bsp" -I"C:\Users\PICHAU\e2_studio\workspace\Blinky\synergy_cfg\ssp_cfg\driver" -I"C:\Users\PICHAU\e2_studio\workspace\Blinky\synergy\ssp\inc" -I"C:\Users\PICHAU\e2_studio\workspace\Blinky\synergy\ssp\inc\bsp" -I"C:\Users\PICHAU\e2_studio\workspace\Blinky\synergy\ssp\inc\bsp\cmsis\Include" -I"C:\Users\PICHAU\e2_studio\workspace\Blinky\synergy\ssp\inc\driver\api" -I"C:\Users\PICHAU\e2_studio\workspace\Blinky\synergy\ssp\inc\driver\instances" -I"C:\Users\PICHAU\e2_studio\workspace\Blinky\src" -I"C:\Users\PICHAU\e2_studio\workspace\Blinky\src\synergy_gen" -std=c99 -MMD -MP -MF"synergy/ssp/src/bsp/mcu/all/bsp_irq.d" -MT"synergy/ssp/src/bsp/mcu/all/bsp_irq.o" -c -o "synergy/ssp/src/bsp/mcu/all/bsp_irq.o" -x c "../synergy/ssp/src/bsp/mcu/all/bsp_irq.c"
'Finished building: ../synergy/ssp/src/bsp/mcu/s7g2/bsp_group_irq.c'
' '
'Finished building: ../synergy/ssp/src/bsp/mcu/s7g2/bsp_hw_locks.c'
'Finished building: ../synergy/ssp/src/bsp/mcu/s7g2/bsp_module_stop.c'
'Finished building: ../synergy/ssp/src/bsp/mcu/s7g2/bsp_rom_registers.c'
'Finished building: ../synergy/ssp/src/driver/r_ioport/r_ioport.c'
' '
' '
'Finished building: ../synergy/ssp/src/bsp/mcu/all/bsp_common.c'
'Finished building: ../synergy/ssp/src/bsp/mcu/all/bsp_common_leds.c'
' '
' '
' '
' '
' '
'Finished building: ../synergy/ssp/src/bsp/mcu/all/bsp_delay.c'
'Finished building: ../synergy/ssp/src/bsp/mcu/all/bsp_irq.c'
' '
' '
' '
'Finished building: ../synergy/ssp/src/driver/r_cgc/r_cgc.c'
'Building file: ../synergy/ssp/src/bsp/mcu/all/bsp_locking.c'
